This is pdfTeX, Version 3.141592653-2.6-1.40.22 (MiKTeX 21.2) (preloaded format=pdflatex 2021.3.1)  17 MAR 2021 23:28
entering extended mode
**./finalProj.tex
(finalProj.tex
LaTeX2e <2020-10-01> patch level 4
L3 programming layer <2021-02-18> xparse <2020-03-03>
(C:\Users\rufus\AppData\Local\Programs\MiKTeX\tex/latex/base\article.cls
Document Class: article 2020/04/10 v1.4m Standard LaTeX document class
(C:\Users\rufus\AppData\Local\Programs\MiKTeX\tex/latex/base\size11.clo
File: size11.clo 2020/04/10 v1.4m Standard LaTeX file (size option)
)
\c@part=\count179
\c@section=\count180
\c@subsection=\count181
\c@subsubsection=\count182
\c@paragraph=\count183
\c@subparagraph=\count184
\c@figure=\count185
\c@table=\count186
\abovecaptionskip=\skip47
\belowcaptionskip=\skip48
\bibindent=\dimen138
)
(C:\Users\rufus\AppData\Local\Programs\MiKTeX\tex/latex/amsmath\amsmath.sty
Package: amsmath 2020/09/23 v2.17i AMS math features
\@mathmargin=\skip49

For additional information on amsmath, use the `?' option.
(C:\Users\rufus\AppData\Local\Programs\MiKTeX\tex/latex/amsmath\amstext.sty
Package: amstext 2000/06/29 v2.01 AMS text

(C:\Users\rufus\AppData\Local\Programs\MiKTeX\tex/latex/amsmath\amsgen.sty
File: amsgen.sty 1999/11/30 v2.0 generic functions
\@emptytoks=\toks15
\ex@=\dimen139
))
(C:\Users\rufus\AppData\Local\Programs\MiKTeX\tex/latex/amsmath\amsbsy.sty
Package: amsbsy 1999/11/29 v1.2d Bold Symbols
\pmbraise@=\dimen140
)
(C:\Users\rufus\AppData\Local\Programs\MiKTeX\tex/latex/amsmath\amsopn.sty
Package: amsopn 2016/03/08 v2.02 operator names
)
\inf@bad=\count187
LaTeX Info: Redefining \frac on input line 234.
\uproot@=\count188
\leftroot@=\count189
LaTeX Info: Redefining \overline on input line 399.
\classnum@=\count190
\DOTSCASE@=\count191
LaTeX Info: Redefining \ldots on input line 496.
LaTeX Info: Redefining \dots on input line 499.
LaTeX Info: Redefining \cdots on input line 620.
\Mathstrutbox@=\box47
\strutbox@=\box48
\big@size=\dimen141
LaTeX Font Info:    Redeclaring font encoding OML on input line 743.
LaTeX Font Info:    Redeclaring font encoding OMS on input line 744.
\macc@depth=\count192
\c@MaxMatrixCols=\count193
\dotsspace@=\muskip16
\c@parentequation=\count194
\dspbrk@lvl=\count195
\tag@help=\toks16
\row@=\count196
\column@=\count197
\maxfields@=\count198
\andhelp@=\toks17
\eqnshift@=\dimen142
\alignsep@=\dimen143
\tagshift@=\dimen144
\tagwidth@=\dimen145
\totwidth@=\dimen146
\lineht@=\dimen147
\@envbody=\toks18
\multlinegap=\skip50
\multlinetaggap=\skip51
\mathdisplay@stack=\toks19
LaTeX Info: Redefining \[ on input line 2923.
LaTeX Info: Redefining \] on input line 2924.
)
(C:\Users\rufus\AppData\Local\Programs\MiKTeX\tex/latex/amsfonts\amsfonts.sty
Package: amsfonts 2013/01/14 v3.01 Basic AMSFonts support
\symAMSa=\mathgroup4
\symAMSb=\mathgroup5
LaTeX Font Info:    Redeclaring math symbol \hbar on input line 98.
LaTeX Font Info:    Overwriting math alphabet `\mathfrak' in version `bold'
(Font)                  U/euf/m/n --> U/euf/b/n on input line 106.
)
(C:\Users\rufus\AppData\Local\Programs\MiKTeX\tex/latex/amscls\amsthm.sty
Package: amsthm 2020/05/29 v2.20.6
\thm@style=\toks20
\thm@bodyfont=\toks21
\thm@headfont=\toks22
\thm@notefont=\toks23
\thm@headpunct=\toks24
\thm@preskip=\skip52
\thm@postskip=\skip53
\thm@headsep=\skip54
\dth@everypar=\toks25
)
(C:\Users\rufus\AppData\Local\Programs\MiKTeX\tex/latex/amsfonts\amssymb.sty
Package: amssymb 2013/01/14 v3.01 AMS font symbols
)
(C:\Users\rufus\AppData\Local\Programs\MiKTeX\tex/latex/float\float.sty
Package: float 2001/11/08 v1.3d Float enhancements (AL)
\c@float@type=\count199
\float@exts=\toks26
\float@box=\box49
\@float@everytoks=\toks27
\@floatcapt=\box50
)
(C:\Users\rufus\AppData\Local\Programs\MiKTeX\tex/latex/graphics\graphicx.sty
Package: graphicx 2020/09/09 v1.2b Enhanced LaTeX Graphics (DPC,SPQR)

(C:\Users\rufus\AppData\Local\Programs\MiKTeX\tex/latex/graphics\keyval.sty
Package: keyval 2014/10/28 v1.15 key=value parser (DPC)
\KV@toks@=\toks28
)
(C:\Users\rufus\AppData\Local\Programs\MiKTeX\tex/latex/graphics\graphics.sty
Package: graphics 2020/08/30 v1.4c Standard LaTeX Graphics (DPC,SPQR)

(C:\Users\rufus\AppData\Local\Programs\MiKTeX\tex/latex/graphics\trig.sty
Package: trig 2016/01/03 v1.10 sin cos tan (DPC)
)
(C:\Users\rufus\AppData\Local\Programs\MiKTeX\tex/latex/graphics-cfg\graphics.c
fg
File: graphics.cfg 2016/06/04 v1.11 sample graphics configuration
)
Package graphics Info: Driver file: pdftex.def on input line 105.

(C:\Users\rufus\AppData\Local\Programs\MiKTeX\tex/latex/graphics-def\pdftex.def
File: pdftex.def 2020/10/05 v1.2a Graphics/color driver for pdftex
))
\Gin@req@height=\dimen148
\Gin@req@width=\dimen149
)
(C:\Users\rufus\AppData\Local\Programs\MiKTeX\tex/latex/l3backend\l3backend-pdf
tex.def
File: l3backend-pdftex.def 2021-02-18 L3 backend support: PDF output (pdfTeX)
\l__color_backend_stack_int=\count266
\l__pdf_internal_box=\box51
) (finalProj.aux)
\openout1 = `finalProj.aux'.

LaTeX Font Info:    Checking defaults for OML/cmm/m/it on input line 9.
LaTeX Font Info:    ... okay on input line 9.
LaTeX Font Info:    Checking defaults for OMS/cmsy/m/n on input line 9.
LaTeX Font Info:    ... okay on input line 9.
LaTeX Font Info:    Checking defaults for OT1/cmr/m/n on input line 9.
LaTeX Font Info:    ... okay on input line 9.
LaTeX Font Info:    Checking defaults for T1/cmr/m/n on input line 9.
LaTeX Font Info:    ... okay on input line 9.
LaTeX Font Info:    Checking defaults for TS1/cmr/m/n on input line 9.
LaTeX Font Info:    ... okay on input line 9.
LaTeX Font Info:    Checking defaults for OMX/cmex/m/n on input line 9.
LaTeX Font Info:    ... okay on input line 9.
LaTeX Font Info:    Checking defaults for U/cmr/m/n on input line 9.
LaTeX Font Info:    ... okay on input line 9.

(C:\Users\rufus\AppData\Local\Programs\MiKTeX\tex/context/base/mkii\supp-pdf.mk
ii
[Loading MPS to PDF converter (version 2006.09.02).]
\scratchcounter=\count267
\scratchdimen=\dimen150
\scratchbox=\box52
\nofMPsegments=\count268
\nofMParguments=\count269
\everyMPshowfont=\toks29
\MPscratchCnt=\count270
\MPscratchDim=\dimen151
\MPnumerator=\count271
\makeMPintoPDFobject=\count272
\everyMPtoPDFconversion=\toks30
)
(C:\Users\rufus\AppData\Local\Programs\MiKTeX\tex/latex/epstopdf-pkg\epstopdf-b
ase.sty
Package: epstopdf-base 2020-01-24 v2.11 Base part for package epstopdf
Package epstopdf-base Info: Redefining graphics rule for `.eps' on input line 4
85.
)
LaTeX Font Info:    Trying to load font information for U+msa on input line 10.


(C:\Users\rufus\AppData\Local\Programs\MiKTeX\tex/latex/amsfonts\umsa.fd
File: umsa.fd 2013/01/14 v3.01 AMS symbols A
)
LaTeX Font Info:    Trying to load font information for U+msb on input line 10.


(C:\Users\rufus\AppData\Local\Programs\MiKTeX\tex/latex/amsfonts\umsb.fd
File: umsb.fd 2013/01/14 v3.01 AMS symbols B
)
<f1.png, id=1, 582.978pt x 363.15675pt>
File: f1.png Graphic file (type png)
<use f1.png>
Package pdftex.def Info: f1.png  used on input line 22.
(pdftex.def)             Requested size: 360.00156pt x 158.99704pt.

[1

{C:/Users/rufus/AppData/Local/MiKTeX/pdftex/config/pdftex.map}]
<f2.png, id=11, 460.119pt x 302.3295pt>
File: f2.png Graphic file (type png)
<use f2.png>
Package pdftex.def Info: f2.png  used on input line 30.
(pdftex.def)             Requested size: 360.01471pt x 158.99292pt.
<f3.png, id=12, 359.54324pt x 236.082pt>
File: f3.png Graphic file (type png)
<use f3.png>
Package pdftex.def Info: f3.png  used on input line 39.
(pdftex.def)             Requested size: 360.00868pt x 144.53934pt.

Underfull \hbox (badness 10000) in paragraph at lines 39--41

 []

[2 <./f1.png> <./f2.png>]
<f4.png, id=18, 372.79276pt x 36.73724pt>
File: f4.png Graphic file (type png)
<use f4.png>
Package pdftex.def Info: f4.png  used on input line 49.
(pdftex.def)             Requested size: 260.95314pt x 25.71588pt.
<straight.png, id=19, 526.96875pt x 395.22656pt>
File: straight.png Graphic file (type png)
<use straight.png>
Package pdftex.def Info: straight.png  used on input line 58.
(pdftex.def)             Requested size: 216.0022pt x 162.00171pt.
 [3 <./f3.png> <./f4.png>]
<f5.png, id=25, 654.0435pt x 173.448pt>
File: f5.png Graphic file (type png)
<use f5.png>
Package pdftex.def Info: f5.png  used on input line 69.
(pdftex.def)             Requested size: 327.02095pt x 86.72379pt.
<bent_constant.png, id=26, 526.96875pt x 395.22656pt>
File: bent_constant.png Graphic file (type png)
<use bent_constant.png>
Package pdftex.def Info: bent_constant.png  used on input line 77.
(pdftex.def)             Requested size: 216.0022pt x 162.00171pt.
 [4 <./straight.png (PNG copy)> <./f5.png>]
<bent_random.png, id=33, 526.96875pt x 395.22656pt>
File: bent_random.png Graphic file (type png)
<use bent_random.png>
Package pdftex.def Info: bent_random.png  used on input line 85.
(pdftex.def)             Requested size: 216.0022pt x 162.00171pt.
<f6.png, id=34, 423.984pt x 295.1025pt>
File: f6.png Graphic file (type png)
<use f6.png>
Package pdftex.def Info: f6.png  used on input line 94.
(pdftex.def)             Requested size: 211.99147pt x 147.55087pt.
 [5 <./bent_constant.png (PNG copy)> <./bent_random.png (PNG copy)>]
<f7.png, id=38, 616.704pt x 290.88675pt>
File: f7.png Graphic file (type png)
<use f7.png>
Package pdftex.def Info: f7.png  used on input line 103.
(pdftex.def)             Requested size: 308.35124pt x 145.44301pt.
<noodle.png, id=39, 526.96875pt x 395.22656pt>
File: noodle.png Graphic file (type png)
<use noodle.png>
Package pdftex.def Info: noodle.png  used on input line 116.
(pdftex.def)             Requested size: 216.0022pt x 162.00171pt.
 [6 <./f6.png> <./f7.png>]
<f8.png, id=45, 400.49625pt x 195.129pt>
File: f8.png Graphic file (type png)
<use f8.png>
Package pdftex.def Info: f8.png  used on input line 125.
(pdftex.def)             Requested size: 200.24763pt x 97.56425pt.
<f9.png, id=46, 731.1315pt x 130.086pt>
File: f9.png Graphic file (type png)
<use f9.png>
Package pdftex.def Info: f9.png  used on input line 134.
(pdftex.def)             Requested size: 365.56485pt x 65.04283pt.

Overfull \hbox (5.56485pt too wide) in paragraph at lines 134--136
[][]
 []


Underfull \hbox (badness 10000) in paragraph at lines 134--136

 []

[7 <./noodle.png (PNG copy)> <./f8.png>] [8 <./f9.png>] (finalProj.aux) ) 
Here is how much of TeX's memory you used:
 2553 strings out of 479334
 34237 string characters out of 2857085
 319866 words of memory out of 3000000
 19991 multiletter control sequences out of 15000+200000
 410834 words of font info for 55 fonts, out of 3000000 for 9000
 1141 hyphenation exceptions out of 8191
 68i,7n,74p,613b,240s stack positions out of 5000i,500n,10000p,200000b,50000s
<C:/Us
ers/rufus/AppData/Local/Programs/MiKTeX/fonts/type1/public/amsfonts/cm/cmbx12.p
fb><C:/Users/rufus/AppData/Local/Programs/MiKTeX/fonts/type1/public/amsfonts/cm
/cmmi8.pfb><C:/Users/rufus/AppData/Local/Programs/MiKTeX/fonts/type1/public/ams
fonts/cm/cmr10.pfb><C:/Users/rufus/AppData/Local/Programs/MiKTeX/fonts/type1/pu
blic/amsfonts/cm/cmr12.pfb><C:/Users/rufus/AppData/Local/Programs/MiKTeX/fonts/
type1/public/amsfonts/cm/cmr17.pfb><C:/Users/rufus/AppData/Local/Programs/MiKTe
X/fonts/type1/public/amsfonts/cm/cmr8.pfb>
Output written on finalProj.pdf (8 pages, 320415 bytes).
PDF statistics:
 76 PDF objects out of 1000 (max. 8388607)
 0 named destinations out of 1000 (max. 500000)
 66 words of extra memory for PDF output out of 10000 (max. 10000000)

